2021-09-30 21:08:29: == Sync Started by User Command
2021-09-30 21:08:31: Create Folder D:/Database/Website/Blog/_posts/外掛
2021-09-30 21:08:31: Create Folder D:/Database/Website/Blog/_posts/自然探究實作
2021-09-30 21:08:34: Copy New 'dropbox://api.dropbox.com/Obsidian/Zettelkasten/.md' -> 'D:/Database/Website/Blog/_posts/.md' (7)
2021-09-30 21:08:34: Copy New 'D:/Database/Website/Blog/_posts/2018-06-01-header-image.md' -> 'dropbox://api.dropbox.com/Obsidian/Zettelkasten/2018-06-01-header-image.md' (268)
2021-09-30 21:08:35: Copy New 'D:/Database/Website/Blog/_posts/2018-07-01-welcome.md' -> 'dropbox://api.dropbox.com/Obsidian/Zettelkasten/2018-07-01-welcome.md' (737)
2021-09-30 21:08:36: Copy New 'dropbox://api.dropbox.com/Obsidian/Zettelkasten/9_1to9_11.md' -> 'D:/Database/Website/Blog/_posts/9_1to9_11.md' (1,772)
2021-09-30 21:08:37: Copy New 'dropbox://api.dropbox.com/Obsidian/Zettelkasten/Blockly.md' -> 'D:/Database/Website/Blog/_posts/Blockly.md' (593)
2021-09-30 21:08:37: Copy New 'dropbox://api.dropbox.com/Obsidian/Zettelkasten/9_1~9_11.md' -> 'D:/Database/Website/Blog/_posts/9_1~9_11.md' (1,424)
2021-09-30 21:08:38: Copy New 'dropbox://api.dropbox.com/Obsidian/Zettelkasten/Coursera Application.md' -> 'D:/Database/Website/Blog/_posts/Coursera Application.md' (1,894)
2021-09-30 21:08:38: Copy New 'dropbox://api.dropbox.com/Obsidian/Zettelkasten/Folium 入門.md' -> 'D:/Database/Website/Blog/_posts/Folium 入門.md' (1,125)
2021-09-30 21:08:39: Copy New 'dropbox://api.dropbox.com/Obsidian/Zettelkasten/Git Commands.md' -> 'D:/Database/Website/Blog/_posts/Git Commands.md' (847)
2021-09-30 21:08:39: Copy New 'dropbox://api.dropbox.com/Obsidian/Zettelkasten/Homepage Plugin.md' -> 'D:/Database/Website/Blog/_posts/Homepage Plugin.md' (351)
2021-09-30 21:08:40: Copy New 'dropbox://api.dropbox.com/Obsidian/Zettelkasten/HTML 語法.md' -> 'D:/Database/Website/Blog/_posts/HTML 語法.md' (4,488)
2021-09-30 21:08:40: Copy New 'dropbox://api.dropbox.com/Obsidian/Zettelkasten/HTML Workflow.md' -> 'D:/Database/Website/Blog/_posts/HTML Workflow.md' (192)
2021-09-30 21:08:41: Copy New 'dropbox://api.dropbox.com/Obsidian/Zettelkasten/IG Titles.md' -> 'D:/Database/Website/Blog/_posts/IG Titles.md' (297)
2021-09-30 21:08:42: Copy New 'dropbox://api.dropbox.com/Obsidian/Zettelkasten/Imaginary Audience.md' -> 'D:/Database/Website/Blog/_posts/Imaginary Audience.md' (651)
2021-09-30 21:08:42: Copy New 'dropbox://api.dropbox.com/Obsidian/Zettelkasten/Intermediate English Learning.md' -> 'D:/Database/Website/Blog/_posts/Intermediate English Learning.md' (1,043)
2021-09-30 21:08:43: Copy New 'dropbox://api.dropbox.com/Obsidian/Zettelkasten/Matplotlib 入門.md' -> 'D:/Database/Website/Blog/_posts/Matplotlib 入門.md' (2,526)
2021-09-30 21:08:44: Copy New 'dropbox://api.dropbox.com/Obsidian/Zettelkasten/MENA;WANA.md' -> 'D:/Database/Website/Blog/_posts/MENA;WANA.md' (819)
2021-09-30 21:08:44: Copy New 'dropbox://api.dropbox.com/Obsidian/Zettelkasten/NADPH.md' -> 'D:/Database/Website/Blog/_posts/NADPH.md' (162)
2021-09-30 21:08:44: Copy New 'dropbox://api.dropbox.com/Obsidian/Zettelkasten/ndarray.md' -> 'D:/Database/Website/Blog/_posts/ndarray.md' (2,771)
2021-09-30 21:08:46: Copy New 'dropbox://api.dropbox.com/Obsidian/Zettelkasten/Numpy 入門.md' -> 'D:/Database/Website/Blog/_posts/Numpy 入門.md' (1,003)
2021-09-30 21:08:46: Copy New 'dropbox://api.dropbox.com/Obsidian/Zettelkasten/Plt.pie 餅圖繪製.md' -> 'D:/Database/Website/Blog/_posts/Plt.pie 餅圖繪製.md' (410)
2021-09-30 21:08:46: Copy New 'dropbox://api.dropbox.com/Obsidian/Zettelkasten/Obsidian 快速鍵.md' -> 'D:/Database/Website/Blog/_posts/Obsidian 快速鍵.md' (685)
2021-09-30 21:08:48: Copy New 'dropbox://api.dropbox.com/Obsidian/Zettelkasten/Python 基本資料型態.md' -> 'D:/Database/Website/Blog/_posts/Python 基本資料型態.md' (196)
2021-09-30 21:08:48: Copy New 'dropbox://api.dropbox.com/Obsidian/Zettelkasten/Python 字串.md' -> 'D:/Database/Website/Blog/_posts/Python 字串.md' (243)
2021-09-30 21:08:49: Copy New 'dropbox://api.dropbox.com/Obsidian/Zettelkasten/POPCAT plugin.md' -> 'D:/Database/Website/Blog/_posts/POPCAT plugin.md' (118)
2021-09-30 21:08:49: Copy New 'dropbox://api.dropbox.com/Obsidian/Zettelkasten/Python 指令.md' -> 'D:/Database/Website/Blog/_posts/Python 指令.md' (130)
2021-09-30 21:08:50: Copy New 'dropbox://api.dropbox.com/Obsidian/Zettelkasten/Python 數據分析.md' -> 'D:/Database/Website/Blog/_posts/Python 數據分析.md' (1,250)
2021-09-30 21:08:51: Copy New 'dropbox://api.dropbox.com/Obsidian/Zettelkasten/Python 變數.md' -> 'D:/Database/Website/Blog/_posts/Python 變數.md' (299)
2021-09-30 21:08:51: Copy New 'dropbox://api.dropbox.com/Obsidian/Zettelkasten/Python 資料定義.md' -> 'D:/Database/Website/Blog/_posts/Python 資料定義.md' (84)
2021-09-30 21:08:52: Copy New 'dropbox://api.dropbox.com/Obsidian/Zettelkasten/Recent Files Plugin.md' -> 'D:/Database/Website/Blog/_posts/Recent Files Plugin.md' (144)
2021-09-30 21:08:53: Copy New 'dropbox://api.dropbox.com/Obsidian/Zettelkasten/SQL  資料定義(DDL).md' -> 'D:/Database/Website/Blog/_posts/SQL  資料定義(DDL).md' (1,947)
2021-09-30 21:08:53: Copy New 'dropbox://api.dropbox.com/Obsidian/Zettelkasten/SQL Test.md' -> 'D:/Database/Website/Blog/_posts/SQL Test.md' (892)
2021-09-30 21:08:54: Copy New 'dropbox://api.dropbox.com/Obsidian/Zettelkasten/SQL 資料操縱 (DML).md' -> 'D:/Database/Website/Blog/_posts/SQL 資料操縱 (DML).md' (688)
2021-09-30 21:08:54: Copy New 'dropbox://api.dropbox.com/Obsidian/Zettelkasten/SQL 資料查詢(DQL).md' -> 'D:/Database/Website/Blog/_posts/SQL 資料查詢(DQL).md' (1,809)
2021-09-30 21:08:54: Copy New 'dropbox://api.dropbox.com/Obsidian/Zettelkasten/SQL 運算子.md' -> 'D:/Database/Website/Blog/_posts/SQL 運算子.md' (803)
2021-09-30 21:08:56: Copy New 'dropbox://api.dropbox.com/Obsidian/Zettelkasten/The Boys in The Boat.md' -> 'D:/Database/Website/Blog/_posts/The Boys in The Boat.md' (679)
2021-09-30 21:08:56: Copy New 'dropbox://api.dropbox.com/Obsidian/Zettelkasten/VS  Code 小技巧.md' -> 'D:/Database/Website/Blog/_posts/VS  Code 小技巧.md' (81)
2021-09-30 21:08:57: Copy New 'dropbox://api.dropbox.com/Obsidian/Zettelkasten/SQL.md' -> 'D:/Database/Website/Blog/_posts/SQL.md' (791)
2021-09-30 21:08:58: Copy New 'dropbox://api.dropbox.com/Obsidian/Zettelkasten/WLOG.md' -> 'D:/Database/Website/Blog/_posts/WLOG.md' (137)
2021-09-30 21:08:58: Copy New 'dropbox://api.dropbox.com/Obsidian/Zettelkasten/三角不等式.md' -> 'D:/Database/Website/Blog/_posts/三角不等式.md' (125)
2021-09-30 21:08:59: Copy New 'dropbox://api.dropbox.com/Obsidian/Zettelkasten/三角函數.md' -> 'D:/Database/Website/Blog/_posts/三角函數.md' (1,829)
2021-09-30 21:09:00: Copy New 'dropbox://api.dropbox.com/Obsidian/Zettelkasten/主量子數.md' -> 'D:/Database/Website/Blog/_posts/主量子數.md' (403)
2021-09-30 21:09:00: Copy New 'dropbox://api.dropbox.com/Obsidian/Zettelkasten/侵蝕輪迴論.md' -> 'D:/Database/Website/Blog/_posts/侵蝕輪迴論.md' (636)
2021-09-30 21:09:01: Copy New 'dropbox://api.dropbox.com/Obsidian/Zettelkasten/光合作用.md' -> 'D:/Database/Website/Blog/_posts/光合作用.md' (606)
2021-09-30 21:09:01: Copy New 'dropbox://api.dropbox.com/Obsidian/Zettelkasten/光子能量.md' -> 'D:/Database/Website/Blog/_posts/光子能量.md' (194)
2021-09-30 21:09:01: Copy New 'dropbox://api.dropbox.com/Obsidian/Zettelkasten/光球層.md' -> 'D:/Database/Website/Blog/_posts/光球層.md' (201)
2021-09-30 21:09:03: Copy New 'dropbox://api.dropbox.com/Obsidian/Zettelkasten/內營力.md' -> 'D:/Database/Website/Blog/_posts/內營力.md' (103)
2021-09-30 21:09:03: Copy New 'dropbox://api.dropbox.com/Obsidian/Zettelkasten/公聽會.md' -> 'D:/Database/Website/Blog/_posts/公聽會.md' (2,083)
2021-09-30 21:09:03: Copy New 'dropbox://api.dropbox.com/Obsidian/Zettelkasten/分層作用.md' -> 'D:/Database/Website/Blog/_posts/分層作用.md' (204)
2021-09-30 21:09:05: Copy New 'dropbox://api.dropbox.com/Obsidian/Zettelkasten/半邊山.md' -> 'D:/Database/Website/Blog/_posts/半邊山.md' (35)
2021-09-30 21:09:06: Copy New 'dropbox://api.dropbox.com/Obsidian/Zettelkasten/區間.md' -> 'D:/Database/Website/Blog/_posts/區間.md' (17)
2021-09-30 21:09:07: Copy New 'dropbox://api.dropbox.com/Obsidian/Zettelkasten/南北戰爭.md' -> 'D:/Database/Website/Blog/_posts/南北戰爭.md' (1,215)
2021-09-30 21:09:07: Copy New 'dropbox://api.dropbox.com/Obsidian/Zettelkasten/卡爾文循環.md' -> 'D:/Database/Website/Blog/_posts/卡爾文循環.md' (504)
2021-09-30 21:09:08: Copy New 'dropbox://api.dropbox.com/Obsidian/Zettelkasten/原子光譜.md' -> 'D:/Database/Website/Blog/_posts/原子光譜.md' (406)
2021-09-30 21:09:09: Copy New 'dropbox://api.dropbox.com/Obsidian/Zettelkasten/古老結晶陸塊.md' -> 'D:/Database/Website/Blog/_posts/古老結晶陸塊.md' (480)
2021-09-30 21:09:09: Copy New 'dropbox://api.dropbox.com/Obsidian/Zettelkasten/台灣史前文化代表.md' -> 'D:/Database/Website/Blog/_posts/台灣史前文化代表.md' (2,394)
2021-09-30 21:09:10: Copy New 'dropbox://api.dropbox.com/Obsidian/Zettelkasten/台灣史料 (與 MSI 衝突的複本 2021-09-29).md' -> 'D:/Database/Website/Blog/_posts/台灣史料 (與 MSI 衝突的複本 2021-09-29).md' (473)
2021-09-30 21:09:11: Copy New 'dropbox://api.dropbox.com/Obsidian/Zettelkasten/台灣考古學發展.md' -> 'D:/Database/Website/Blog/_posts/台灣考古學發展.md' (731)
2021-09-30 21:09:11: Copy New 'dropbox://api.dropbox.com/Obsidian/Zettelkasten/台灣史料.md' -> 'D:/Database/Website/Blog/_posts/台灣史料.md' (493)
2021-09-30 21:09:11: Copy New 'dropbox://api.dropbox.com/Obsidian/Zettelkasten/同注分彩法.md' -> 'D:/Database/Website/Blog/_posts/同注分彩法.md' (1,798)
2021-09-30 21:09:12: Copy New 'dropbox://api.dropbox.com/Obsidian/Zettelkasten/咖啡因是非_專題摘要.md' -> 'D:/Database/Website/Blog/_posts/咖啡因是非_專題摘要.md' (32)
2021-09-30 21:09:12: Copy New 'dropbox://api.dropbox.com/Obsidian/Zettelkasten/名言錦句.md' -> 'D:/Database/Website/Blog/_posts/名言錦句.md' (133)
2021-09-30 21:09:14: Copy New 'dropbox://api.dropbox.com/Obsidian/Zettelkasten/單面山.md' -> 'D:/Database/Website/Blog/_posts/單面山.md' (260)
2021-09-30 21:09:14: Copy New 'dropbox://api.dropbox.com/Obsidian/Zettelkasten/圖阿雷格人.md' -> 'D:/Database/Website/Blog/_posts/圖阿雷格人.md' (2,013)
2021-09-30 21:09:15: Copy New 'dropbox://api.dropbox.com/Obsidian/Zettelkasten/哈伯望遠鏡.md' -> 'D:/Database/Website/Blog/_posts/哈伯望遠鏡.md' (704)
2021-09-30 21:09:16: Copy New 'dropbox://api.dropbox.com/Obsidian/Zettelkasten/地圖投影.md' -> 'D:/Database/Website/Blog/_posts/地圖投影.md' (8,312)
2021-09-30 21:09:16: Copy New 'dropbox://api.dropbox.com/Obsidian/Zettelkasten/地圖本質.md' -> 'D:/Database/Website/Blog/_posts/地圖本質.md' (1,363)
2021-09-30 21:09:17: Copy New 'dropbox://api.dropbox.com/Obsidian/Zettelkasten/地塹.md' -> 'D:/Database/Website/Blog/_posts/地塹.md' (148)
2021-09-30 21:09:18: Copy New 'dropbox://api.dropbox.com/Obsidian/Zettelkasten/地壘.md' -> 'D:/Database/Website/Blog/_posts/地壘.md' (206)
2021-09-30 21:09:19: Copy New 'dropbox://api.dropbox.com/Obsidian/Zettelkasten/地球五大炭庫.md' -> 'D:/Database/Website/Blog/_posts/地球五大炭庫.md' (312)
2021-09-30 21:09:19: Copy New 'dropbox://api.dropbox.com/Obsidian/Zettelkasten/地球利生物生存之原因.md' -> 'D:/Database/Website/Blog/_posts/地球利生物生存之原因.md' (538)
2021-09-30 21:09:20: Copy New 'dropbox://api.dropbox.com/Obsidian/Zettelkasten/地球歷史氣體成分.md' -> 'D:/Database/Website/Blog/_posts/地球歷史氣體成分.md' (466)
2021-09-30 21:09:21: Copy New 'dropbox://api.dropbox.com/Obsidian/Zettelkasten/地理學研究傳統.md' -> 'D:/Database/Website/Blog/_posts/地理學研究傳統.md' (105)
2021-09-30 21:09:21: Copy New 'dropbox://api.dropbox.com/Obsidian/Zettelkasten/地形系統.md' -> 'D:/Database/Website/Blog/_posts/地形系統.md' (916)
2021-09-30 21:09:22: Copy New 'dropbox://api.dropbox.com/Obsidian/Zettelkasten/地理素養.md' -> 'D:/Database/Website/Blog/_posts/地理素養.md' (811)
2021-09-30 21:09:23: Copy New 'dropbox://api.dropbox.com/Obsidian/Zettelkasten/地理觀念（高中地理主軸）.md' -> 'D:/Database/Website/Blog/_posts/地理觀念（高中地理主軸）.md' (634)
2021-09-30 21:09:23: Copy New 'dropbox://api.dropbox.com/Obsidian/Zettelkasten/地理資訊系統.md' -> 'D:/Database/Website/Blog/_posts/地理資訊系統.md' (787)
2021-09-30 21:09:24: Copy New 'dropbox://api.dropbox.com/Obsidian/Zettelkasten/地科B1L1.md' -> 'D:/Database/Website/Blog/_posts/地科B1L1.md' (216)
2021-09-30 21:09:25: Copy New 'dropbox://api.dropbox.com/Obsidian/Zettelkasten/外掛/Auto Link Title Plugin.md' -> 'D:/Database/Website/Blog/_posts/外掛/Auto Link Title Plugin.md' (276)
2021-09-30 21:09:25: Copy New 'dropbox://api.dropbox.com/Obsidian/Zettelkasten/地科隨堂.md' -> 'D:/Database/Website/Blog/_posts/地科隨堂.md' (501)
2021-09-30 21:09:26: Copy New 'dropbox://api.dropbox.com/Obsidian/Zettelkasten/外掛/Auto Pair Chinese Symbol Plugin.md' -> 'D:/Database/Website/Blog/_posts/外掛/Auto Pair Chinese Symbol Plugin.md' (197)
2021-09-30 21:09:27: Copy New 'dropbox://api.dropbox.com/Obsidian/Zettelkasten/外掛/Better Word Count Plugin.md' -> 'D:/Database/Website/Blog/_posts/外掛/Better Word Count Plugin.md' (382)
2021-09-30 21:09:27: Copy New 'dropbox://api.dropbox.com/Obsidian/Zettelkasten/外掛/Calendar Plugin.md' -> 'D:/Database/Website/Blog/_posts/外掛/Calendar Plugin.md' (177)
2021-09-30 21:09:28: Copy New 'dropbox://api.dropbox.com/Obsidian/Zettelkasten/外掛/Copy Button For Code Block Plugin.md' -> 'D:/Database/Website/Blog/_posts/外掛/Copy Button For Code Block Plugin.md' (287)
2021-09-30 21:09:29: Copy New 'dropbox://api.dropbox.com/Obsidian/Zettelkasten/外掛/Editor Syntax Highlight Plugin.md' -> 'D:/Database/Website/Blog/_posts/外掛/Editor Syntax Highlight Plugin.md' (217)
2021-09-30 21:09:29: Copy New 'dropbox://api.dropbox.com/Obsidian/Zettelkasten/外掛/Filename Headings Sync Plugin.md' -> 'D:/Database/Website/Blog/_posts/外掛/Filename Headings Sync Plugin.md' (398)
2021-09-30 21:09:29: Copy New 'dropbox://api.dropbox.com/Obsidian/Zettelkasten/外掛/Fullscreen Mode Plugin.md' -> 'D:/Database/Website/Blog/_posts/外掛/Fullscreen Mode Plugin.md' (224)
2021-09-30 21:09:31: Copy New 'dropbox://api.dropbox.com/Obsidian/Zettelkasten/外掛/Hider Plugin.md' -> 'D:/Database/Website/Blog/_posts/外掛/Hider Plugin.md' (384)
2021-09-30 21:09:31: Copy New 'dropbox://api.dropbox.com/Obsidian/Zettelkasten/外掛/Grandfather Plugin.md' -> 'D:/Database/Website/Blog/_posts/外掛/Grandfather Plugin.md' (179)
2021-09-30 21:09:32: Copy New 'dropbox://api.dropbox.com/Obsidian/Zettelkasten/外掛/Kanban Plugin.md' -> 'D:/Database/Website/Blog/_posts/外掛/Kanban Plugin.md' (955)
2021-09-30 21:09:33: Copy New 'dropbox://api.dropbox.com/Obsidian/Zettelkasten/外掛/Obsidian 快速鍵.md' -> 'D:/Database/Website/Blog/_posts/外掛/Obsidian 快速鍵.md' (773)
2021-09-30 21:09:33: Copy New 'dropbox://api.dropbox.com/Obsidian/Zettelkasten/大南澳事件.md' -> 'D:/Database/Website/Blog/_posts/大南澳事件.md' (266)
2021-09-30 21:09:34: Copy New 'dropbox://api.dropbox.com/Obsidian/Zettelkasten/太陽星雲說.md' -> 'D:/Database/Website/Blog/_posts/太陽星雲說.md' (593)
2021-09-30 21:09:35: Copy New 'dropbox://api.dropbox.com/Obsidian/Zettelkasten/太陽風.md' -> 'D:/Database/Website/Blog/_posts/太陽風.md' (613)
2021-09-30 21:09:35: Copy New 'dropbox://api.dropbox.com/Obsidian/Zettelkasten/太陽核心.md' -> 'D:/Database/Website/Blog/_posts/太陽核心.md' (221)
2021-09-30 21:09:36: Copy New 'dropbox://api.dropbox.com/Obsidian/Zettelkasten/太陽黑子（日斑）.md' -> 'D:/Database/Website/Blog/_posts/太陽黑子（日斑）.md' (401)
2021-09-30 21:09:37: Copy New 'dropbox://api.dropbox.com/Obsidian/Zettelkasten/差異侵蝕.md' -> 'D:/Database/Website/Blog/_posts/差異侵蝕.md' (309)
2021-09-30 21:09:37: Copy New 'dropbox://api.dropbox.com/Obsidian/Zettelkasten/富拉尼人.md' -> 'D:/Database/Website/Blog/_posts/富拉尼人.md' (1,992)
2021-09-30 21:09:37: Copy New 'dropbox://api.dropbox.com/Obsidian/Zettelkasten/巴黎分區.md' -> 'D:/Database/Website/Blog/_posts/巴黎分區.md' (1,279)
2021-09-30 21:09:38: Copy New 'dropbox://api.dropbox.com/Obsidian/Zettelkasten/底索曲線.md' -> 'D:/Database/Website/Blog/_posts/底索曲線.md' (1,099)
2021-09-30 21:09:39: Copy New 'dropbox://api.dropbox.com/Obsidian/Zettelkasten/建中學習單心得.md' -> 'D:/Database/Website/Blog/_posts/建中學習單心得.md' (1,137)
2021-09-30 21:09:39: Copy New 'dropbox://api.dropbox.com/Obsidian/Zettelkasten/彗星.md' -> 'D:/Database/Website/Blog/_posts/彗星.md' (154)
2021-09-30 21:09:40: Copy New 'dropbox://api.dropbox.com/Obsidian/Zettelkasten/必麒麟事件.md' -> 'D:/Database/Website/Blog/_posts/必麒麟事件.md' (213)
2021-09-30 21:09:41: Copy New 'dropbox://api.dropbox.com/Obsidian/Zettelkasten/恆星亮度.md' -> 'D:/Database/Website/Blog/_posts/恆星亮度.md' (262)
2021-09-30 21:09:41: Copy New 'dropbox://api.dropbox.com/Obsidian/Zettelkasten/恆星光度.md' -> 'D:/Database/Website/Blog/_posts/恆星光度.md' (516)
2021-09-30 21:09:42: Copy New 'dropbox://api.dropbox.com/Obsidian/Zettelkasten/愛爾蘭獨立宣言全文.md' -> 'D:/Database/Website/Blog/_posts/愛爾蘭獨立宣言全文.md' (5,697)
2021-09-30 21:09:42: Copy New 'dropbox://api.dropbox.com/Obsidian/Zettelkasten/愛爾蘭獨立戰爭.md' -> 'D:/Database/Website/Blog/_posts/愛爾蘭獨立戰爭.md' (876)
2021-09-30 21:09:43: Copy New 'dropbox://api.dropbox.com/Obsidian/Zettelkasten/放射性同位素定年法.md' -> 'D:/Database/Website/Blog/_posts/放射性同位素定年法.md' (443)
2021-09-30 21:09:44: Copy New 'dropbox://api.dropbox.com/Obsidian/Zettelkasten/政治光譜.md' -> 'D:/Database/Website/Blog/_posts/政治光譜.md' (363)
2021-09-30 21:09:44: Copy New 'dropbox://api.dropbox.com/Obsidian/Zettelkasten/數學科新舊課綱差異.md' -> 'D:/Database/Website/Blog/_posts/數學科新舊課綱差異.md' (2,082)
2021-09-30 21:09:44: Copy New 'dropbox://api.dropbox.com/Obsidian/Zettelkasten/數學符號表.md' -> 'D:/Database/Website/Blog/_posts/數學符號表.md' (477)
2021-09-30 21:09:45: Copy New 'dropbox://api.dropbox.com/Obsidian/Zettelkasten/數學計畫.md' -> 'D:/Database/Website/Blog/_posts/數學計畫.md' (245)
2021-09-30 21:09:46: Copy New 'dropbox://api.dropbox.com/Obsidian/Zettelkasten/數線區間.md' -> 'D:/Database/Website/Blog/_posts/數線區間.md' (394)
2021-09-30 21:09:46: Copy New 'dropbox://api.dropbox.com/Obsidian/Zettelkasten/斯特凡–波茲曼定律.md' -> 'D:/Database/Website/Blog/_posts/斯特凡–波茲曼定律.md' (294)
2021-09-30 21:09:47: Copy New 'dropbox://api.dropbox.com/Obsidian/Zettelkasten/新北市人口變化.md' -> 'D:/Database/Website/Blog/_posts/新北市人口變化.md' (58)
2021-09-30 21:09:48: Copy New 'dropbox://api.dropbox.com/Obsidian/Zettelkasten/斷層作用.md' -> 'D:/Database/Website/Blog/_posts/斷層作用.md' (619)
2021-09-30 21:09:48: Copy New 'dropbox://api.dropbox.com/Obsidian/Zettelkasten/斷層崖.md' -> 'D:/Database/Website/Blog/_posts/斷層崖.md' (200)
2021-09-30 21:09:49: Copy New 'dropbox://api.dropbox.com/Obsidian/Zettelkasten/日冕.md' -> 'D:/Database/Website/Blog/_posts/日冕.md' (161)
2021-09-30 21:09:49: Copy New 'dropbox://api.dropbox.com/Obsidian/Zettelkasten/日冕物質拋射(CME).md' -> 'D:/Database/Website/Blog/_posts/日冕物質拋射(CME).md' (304)
2021-09-30 21:09:50: Copy New 'dropbox://api.dropbox.com/Obsidian/Zettelkasten/日珥.md' -> 'D:/Database/Website/Blog/_posts/日珥.md' (233)
2021-09-30 21:09:51: Copy New 'dropbox://api.dropbox.com/Obsidian/Zettelkasten/星等.md' -> 'D:/Database/Website/Blog/_posts/星等.md' (440)
2021-09-30 21:09:51: Copy New 'dropbox://api.dropbox.com/Obsidian/Zettelkasten/普朗克-愛因斯坦關係式.md' -> 'D:/Database/Website/Blog/_posts/普朗克-愛因斯坦關係式.md' (396)
2021-09-30 21:09:52: Copy New 'dropbox://api.dropbox.com/Obsidian/Zettelkasten/普朗克常數.docx' -> 'D:/Database/Website/Blog/_posts/普朗克常數.docx' (10,148)
2021-09-30 21:09:52: Copy New 'dropbox://api.dropbox.com/Obsidian/Zettelkasten/普朗克常數.md' -> 'D:/Database/Website/Blog/_posts/普朗克常數.md' (158)
2021-09-30 21:09:53: Copy New 'dropbox://api.dropbox.com/Obsidian/Zettelkasten/普朗克黑體輻射定律.md' -> 'D:/Database/Website/Blog/_posts/普朗克黑體輻射定律.md' (446)
2021-09-30 21:09:55: Copy New 'dropbox://api.dropbox.com/Obsidian/Zettelkasten/柯伊伯帶.md' -> 'D:/Database/Website/Blog/_posts/柯伊伯帶.md' (253)
2021-09-30 21:09:55: Copy New 'dropbox://api.dropbox.com/Obsidian/Zettelkasten/核融合.md' -> 'D:/Database/Website/Blog/_posts/核融合.md' (180)
2021-09-30 21:09:55: Copy New 'dropbox://api.dropbox.com/Obsidian/Zettelkasten/柯本氣候分類法.md' -> 'D:/Database/Website/Blog/_posts/柯本氣候分類法.md' (3,533)
2021-09-30 21:09:56: Copy New 'dropbox://api.dropbox.com/Obsidian/Zettelkasten/標準時間.md' -> 'D:/Database/Website/Blog/_posts/標準時間.md' (1,314)
2021-09-30 21:09:56: Copy New 'dropbox://api.dropbox.com/Obsidian/Zettelkasten/極座標系統.md' -> 'D:/Database/Website/Blog/_posts/極座標系統.md' (469)
2021-09-30 21:09:57: Copy New 'dropbox://api.dropbox.com/Obsidian/Zettelkasten/歐拉公式.md' -> 'D:/Database/Website/Blog/_posts/歐拉公式.md' (116)
2021-09-30 21:09:58: Copy New 'dropbox://api.dropbox.com/Obsidian/Zettelkasten/歐特雲.md' -> 'D:/Database/Website/Blog/_posts/歐特雲.md' (206)
2021-09-30 21:09:58: Copy New 'dropbox://api.dropbox.com/Obsidian/Zettelkasten/歷史解釋_認同問題 (與 MSI 衝突的複本 2021-09-29).md' -> 'D:/Database/Website/Blog/_posts/歷史解釋_認同問題 (與 MSI 衝突的複本 2021-09-29).md' (1,164)
2021-09-30 21:09:59: Copy New 'dropbox://api.dropbox.com/Obsidian/Zettelkasten/歷史解釋_認同問題.md' -> 'D:/Database/Website/Blog/_posts/歷史解釋_認同問題.md' (1,189)
2021-09-30 21:10:00: Copy New 'dropbox://api.dropbox.com/Obsidian/Zettelkasten/水密度分析.md' -> 'D:/Database/Website/Blog/_posts/水密度分析.md' (575)
2021-09-30 21:10:00: Copy New 'dropbox://api.dropbox.com/Obsidian/Zettelkasten/水密度測量流程表.md' -> 'D:/Database/Website/Blog/_posts/水密度測量流程表.md' (722)
2021-09-30 21:10:01: Copy New 'dropbox://api.dropbox.com/Obsidian/Zettelkasten/河川襲奪.md' -> 'D:/Database/Website/Blog/_posts/河川襲奪.md' (1,032)
2021-09-30 21:10:02: Copy New 'dropbox://api.dropbox.com/Obsidian/Zettelkasten/法律解釋與適用.md' -> 'D:/Database/Website/Blog/_posts/法律解釋與適用.md' (682)
2021-09-30 21:10:02: Copy New 'dropbox://api.dropbox.com/Obsidian/Zettelkasten/波耳氫原子模型.md' -> 'D:/Database/Website/Blog/_posts/波耳氫原子模型.md' (1,600)
2021-09-30 21:10:03: Copy New 'dropbox://api.dropbox.com/Obsidian/Zettelkasten/波茲曼常數.md' -> 'D:/Database/Website/Blog/_posts/波茲曼常數.md' (108)
2021-09-30 21:10:03: Copy New 'dropbox://api.dropbox.com/Obsidian/Zettelkasten/準平原.md' -> 'D:/Database/Website/Blog/_posts/準平原.md' (303)
2021-09-30 21:10:04: Copy New 'dropbox://api.dropbox.com/Obsidian/Zettelkasten/演替.md' -> 'D:/Database/Website/Blog/_posts/演替.md' (826)
2021-09-30 21:10:05: Copy New 'dropbox://api.dropbox.com/Obsidian/Zettelkasten/濁大計畫.md' -> 'D:/Database/Website/Blog/_posts/濁大計畫.md' (1,013)
2021-09-30 21:10:05: Copy New 'dropbox://api.dropbox.com/Obsidian/Zettelkasten/熱輻射.md' -> 'D:/Database/Website/Blog/_posts/熱輻射.md' (175)
2021-09-30 21:10:06: Copy New 'dropbox://api.dropbox.com/Obsidian/Zettelkasten/瑞立-金斯定律.md' -> 'D:/Database/Website/Blog/_posts/瑞立-金斯定律.md' (230)
2021-09-30 21:10:07: Copy New 'dropbox://api.dropbox.com/Obsidian/Zettelkasten/生物演替.md' -> 'D:/Database/Website/Blog/_posts/生物演替.md' (42)
2021-09-30 21:10:08: Copy New 'dropbox://api.dropbox.com/Obsidian/Zettelkasten/甲必丹.md' -> 'D:/Database/Website/Blog/_posts/甲必丹.md' (40)
2021-09-30 21:10:08: Copy New 'dropbox://api.dropbox.com/Obsidian/Zettelkasten/畢達哥拉斯恆等式.md' -> 'D:/Database/Website/Blog/_posts/畢達哥拉斯恆等式.md' (396)
2021-09-30 21:10:09: Copy New 'dropbox://api.dropbox.com/Obsidian/Zettelkasten/矮行星與小行星.md' -> 'D:/Database/Website/Blog/_posts/矮行星與小行星.md' (187)
2021-09-30 21:10:09: Copy New 'dropbox://api.dropbox.com/Obsidian/Zettelkasten/碳-14.md' -> 'D:/Database/Website/Blog/_posts/碳-14.md' (424)
2021-09-30 21:10:10: Copy New 'dropbox://api.dropbox.com/Obsidian/Zettelkasten/磁暴.md' -> 'D:/Database/Website/Blog/_posts/磁暴.md' (392)
2021-09-30 21:10:11: Copy New 'dropbox://api.dropbox.com/Obsidian/Zettelkasten/立法院.md' -> 'D:/Database/Website/Blog/_posts/立法院.md' (2,598)
2021-09-30 21:10:11: Copy New 'dropbox://api.dropbox.com/Obsidian/Zettelkasten/算幾不等式.md' -> 'D:/Database/Website/Blog/_posts/算幾不等式.md' (341)
2021-09-30 21:10:12: Copy New 'dropbox://api.dropbox.com/Obsidian/Zettelkasten/簡報設計.md' -> 'D:/Database/Website/Blog/_posts/簡報設計.md' (2,441)
2021-09-30 21:10:13: Copy New 'dropbox://api.dropbox.com/Obsidian/Zettelkasten/細胞與能量.md' -> 'D:/Database/Website/Blog/_posts/細胞與能量.md' (752)
2021-09-30 21:10:13: Copy New 'dropbox://api.dropbox.com/Obsidian/Zettelkasten/絕對值.md' -> 'D:/Database/Website/Blog/_posts/絕對值.md' (61)
2021-09-30 21:10:14: Copy New 'dropbox://api.dropbox.com/Obsidian/Zettelkasten/絕對定年法.md' -> 'D:/Database/Website/Blog/_posts/絕對定年法.md' (823)
2021-09-30 21:10:15: Copy New 'dropbox://api.dropbox.com/Obsidian/Zettelkasten/維恩定律.md' -> 'D:/Database/Website/Blog/_posts/維恩定律.md' (240)
2021-09-30 21:10:15: Copy New 'dropbox://api.dropbox.com/Obsidian/Zettelkasten/統計學.md' -> 'D:/Database/Website/Blog/_posts/統計學.md' (747)
2021-09-30 21:10:16: Copy New 'dropbox://api.dropbox.com/Obsidian/Zettelkasten/縮尺係數.md' -> 'D:/Database/Website/Blog/_posts/縮尺係數.md' (828)
2021-09-30 21:10:16: Copy New 'dropbox://api.dropbox.com/Obsidian/Zettelkasten/美利堅聯盟國.md' -> 'D:/Database/Website/Blog/_posts/美利堅聯盟國.md' (3,698)
2021-09-30 21:10:17: Copy New 'dropbox://api.dropbox.com/Obsidian/Zettelkasten/羅妹(發)號事件.md' -> 'D:/Database/Website/Blog/_posts/羅妹(發)號事件.md' (411)
2021-09-30 21:10:18: Copy New 'dropbox://api.dropbox.com/Obsidian/Zettelkasten/美國各州加入聯邦順序.md' -> 'D:/Database/Website/Blog/_posts/美國各州加入聯邦順序.md' (1,617)
2021-09-30 21:10:18: Copy New 'dropbox://api.dropbox.com/Obsidian/Zettelkasten/自主學習計畫-塞車模型.md' -> 'D:/Database/Website/Blog/_posts/自主學習計畫-塞車模型.md' (1,831)
2021-09-30 21:10:19: Copy New 'dropbox://api.dropbox.com/Obsidian/Zettelkasten/美國擴張史.md' -> 'D:/Database/Website/Blog/_posts/美國擴張史.md' (9,879)
2021-09-30 21:10:20: Copy New 'dropbox://api.dropbox.com/Obsidian/Zettelkasten/自主學習計畫討論.md' -> 'D:/Database/Website/Blog/_posts/自主學習計畫討論.md' (310)
2021-09-30 21:10:20: Copy New 'dropbox://api.dropbox.com/Obsidian/Zettelkasten/自然探究實作/食鹽水密度測量_結報.html' -> 'D:/Database/Website/Blog/_posts/自然探究實作/食鹽水密度測量_結報.html' (101)
2021-09-30 21:10:21: Copy New 'dropbox://api.dropbox.com/Obsidian/Zettelkasten/自然探究實作/食鹽水密度測量_結報.md' -> 'D:/Database/Website/Blog/_posts/自然探究實作/食鹽水密度測量_結報.md' (56)
2021-09-30 21:10:22: Copy New 'dropbox://api.dropbox.com/Obsidian/Zettelkasten/自然探究實作/食鹽水密度預報.html' -> 'D:/Database/Website/Blog/_posts/自然探究實作/食鹽水密度預報.html' (1,753)
2021-09-30 21:10:22: Copy New 'dropbox://api.dropbox.com/Obsidian/Zettelkasten/自然探究實作/食鹽水密度預報.md' -> 'D:/Database/Website/Blog/_posts/自然探究實作/食鹽水密度預報.md' (1,354)
2021-09-30 21:10:23: Copy New 'dropbox://api.dropbox.com/Obsidian/Zettelkasten/自然探究實作_紀錄表格.md' -> 'D:/Database/Website/Blog/_posts/自然探究實作_紀錄表格.md' (307)
2021-09-30 21:10:24: Copy New 'dropbox://api.dropbox.com/Obsidian/Zettelkasten/自用標例表.md' -> 'D:/Database/Website/Blog/_posts/自用標例表.md' (71)
2021-09-30 21:10:24: Copy New 'dropbox://api.dropbox.com/Obsidian/Zettelkasten/臭氧.md' -> 'D:/Database/Website/Blog/_posts/臭氧.md' (129)
2021-09-30 21:10:25: Copy New 'dropbox://api.dropbox.com/Obsidian/Zettelkasten/色球層.md' -> 'D:/Database/Website/Blog/_posts/色球層.md' (147)
2021-09-30 21:10:26: Copy New 'dropbox://api.dropbox.com/Obsidian/Zettelkasten/英文自我介紹.md' -> 'D:/Database/Website/Blog/_posts/英文自我介紹.md' (691)
2021-09-30 21:10:27: Copy New 'dropbox://api.dropbox.com/Obsidian/Zettelkasten/花岡一郎與花岡二郎.md' -> 'D:/Database/Website/Blog/_posts/花岡一郎與花岡二郎.md' (413)
2021-09-30 21:10:27: Copy New 'dropbox://api.dropbox.com/Obsidian/Zettelkasten/范艾倫輻射帶.md' -> 'D:/Database/Website/Blog/_posts/范艾倫輻射帶.md' (877)
2021-09-30 21:10:28: Copy New 'dropbox://api.dropbox.com/Obsidian/Zettelkasten/荷蘭東印度公司.md' -> 'D:/Database/Website/Blog/_posts/荷蘭東印度公司.md' (1,272)
2021-09-30 21:10:28: Copy New 'dropbox://api.dropbox.com/Obsidian/Zettelkasten/薩赫爾地區(Sahel).md' -> 'D:/Database/Website/Blog/_posts/薩赫爾地區(Sahel).md' (1,094)
2021-09-30 21:10:29: Copy New 'dropbox://api.dropbox.com/Obsidian/Zettelkasten/蘇丹草原.md' -> 'D:/Database/Website/Blog/_posts/蘇丹草原.md' (723)
2021-09-30 21:10:30: Copy New 'dropbox://api.dropbox.com/Obsidian/Zettelkasten/行星風系與地方風系.md' -> 'D:/Database/Website/Blog/_posts/行星風系與地方風系.md' (649)
2021-09-30 21:10:30: Copy New 'dropbox://api.dropbox.com/Obsidian/Zettelkasten/褶曲作用.md' -> 'D:/Database/Website/Blog/_posts/褶曲作用.md' (378)
2021-09-30 21:10:31: Copy New 'dropbox://api.dropbox.com/Obsidian/Zettelkasten/西北航道.md' -> 'D:/Database/Website/Blog/_posts/西北航道.md' (63)
2021-09-30 21:10:32: Copy New 'dropbox://api.dropbox.com/Obsidian/Zettelkasten/覆議、附議與復議.md' -> 'D:/Database/Website/Blog/_posts/覆議、附議與復議.md' (1,209)
2021-09-30 21:10:32: Copy New 'dropbox://api.dropbox.com/Obsidian/Zettelkasten/解題背後的心理學心得.md' -> 'D:/Database/Website/Blog/_posts/解題背後的心理學心得.md' (3,439)
2021-09-30 21:10:34: Copy New 'dropbox://api.dropbox.com/Obsidian/Zettelkasten/豬背嶺.md' -> 'D:/Database/Website/Blog/_posts/豬背嶺.md' (278)
2021-09-30 21:10:34: Copy New 'dropbox://api.dropbox.com/Obsidian/Zettelkasten/資料分析.md' -> 'D:/Database/Website/Blog/_posts/資料分析.md' (4,403)
2021-09-30 21:10:35: Copy New 'dropbox://api.dropbox.com/Obsidian/Zettelkasten/赫羅圖.md' -> 'D:/Database/Website/Blog/_posts/赫羅圖.md' (621)
2021-09-30 21:10:36: Copy New 'dropbox://api.dropbox.com/Obsidian/Zettelkasten/輻射層.md' -> 'D:/Database/Website/Blog/_posts/輻射層.md' (308)
2021-09-30 21:10:36: Copy New 'dropbox://api.dropbox.com/Obsidian/Zettelkasten/距離模數公式.md' -> 'D:/Database/Website/Blog/_posts/距離模數公式.md' (1,036)
2021-09-30 21:10:36: Copy New 'dropbox://api.dropbox.com/Obsidian/Zettelkasten/轉檔.py' -> 'D:/Database/Website/Blog/_posts/轉檔.py' (3,160)
2021-09-30 21:10:38: Copy New 'dropbox://api.dropbox.com/Obsidian/Zettelkasten/關鍵字.md' -> 'D:/Database/Website/Blog/_posts/關鍵字.md' (560)
2021-09-30 21:10:38: Copy New 'dropbox://api.dropbox.com/Obsidian/Zettelkasten/閃焰.md' -> 'D:/Database/Website/Blog/_posts/閃焰.md' (246)
2021-09-30 21:10:38: Copy New 'dropbox://api.dropbox.com/Obsidian/Zettelkasten/電子軌域.md' -> 'D:/Database/Website/Blog/_posts/電子軌域.md' (217)
2021-09-30 21:10:40: Copy New 'dropbox://api.dropbox.com/Obsidian/Zettelkasten/食租國.md' -> 'D:/Database/Website/Blog/_posts/食租國.md' (1,028)
2021-09-30 21:10:40: Copy New 'dropbox://api.dropbox.com/Obsidian/Zettelkasten/電磁波速公式.md' -> 'D:/Database/Website/Blog/_posts/電磁波速公式.md' (132)
2021-09-30 21:10:40: Copy New 'dropbox://api.dropbox.com/Obsidian/Zettelkasten/食鹽水密度測量_結報.md' -> 'D:/Database/Website/Blog/_posts/食鹽水密度測量_結報.md' (53)
2021-09-30 21:10:42: Copy New 'dropbox://api.dropbox.com/Obsidian/Zettelkasten/香料群島.md' -> 'D:/Database/Website/Blog/_posts/香料群島.md' (395)
2021-09-30 21:10:42: Copy New 'dropbox://api.dropbox.com/Obsidian/Zettelkasten/食鹽水密度預報.md' -> 'D:/Database/Website/Blog/_posts/食鹽水密度預報.md' (1,310)
2021-09-30 21:10:42: Copy New 'dropbox://api.dropbox.com/Obsidian/Zettelkasten/香料貿易.md' -> 'D:/Database/Website/Blog/_posts/香料貿易.md' (830)
2021-09-30 21:10:44: Copy New 'dropbox://api.dropbox.com/Obsidian/Zettelkasten/馬克士威方程組.md' -> 'D:/Database/Website/Blog/_posts/馬克士威方程組.md' (221)
2021-09-30 21:10:44: Copy New 'dropbox://api.dropbox.com/Obsidian/Zettelkasten/黑矮星.md' -> 'D:/Database/Website/Blog/_posts/黑矮星.md' (459)
2021-09-30 21:10:44: Copy New 'dropbox://api.dropbox.com/Obsidian/Zettelkasten/高砂義勇隊.md' -> 'D:/Database/Website/Blog/_posts/高砂義勇隊.md' (26)
2021-09-30 21:10:45: Copy New 'dropbox://api.dropbox.com/Obsidian/Zettelkasten/黑體輻射.md' -> 'D:/Database/Website/Blog/_posts/黑體輻射.md' (405)
2021-09-30 21:10:46: Copy New 'dropbox://api.dropbox.com/Obsidian/Zettelkasten/黨團.md' -> 'D:/Database/Website/Blog/_posts/黨團.md' (232)
2021-09-30 21:10:49: == Sync Complete. Time: 00:02:21, Speed: 96.43 KB/s, OK: 207, Errors: 0
